connect.multipart() will be removed in connect 3.0
visit https://github.com/senchalabs/connect/wiki/Connect-3.0 for alternatives
connect.limit() will be removed in connect 3.0
[31merror[39m: User subscription has expired userid=bhagyashri@giantleapsystems.com
[31merror[39m: Invalid password userid=uxkfzVj7or
[31merror[39m: Invalid password userid=bhagyashri@giantleapsystems.com
[31merror[39m: Invalid password userid=bhagyashri@giantleapsystems.com
[31merror[39m: Invalid password userid=uxkfzVj7or
[31merror[39m: Invalid password userid=bhagyashri@giantleapsystems.com
[31merror[39m: Invalid password userid=bhagyashri@giantleapsystems.com
[31merror[39m: User subscription has expired userid=bhagyashri@giantleapsystems.com
[31merror[39m: User subscription has expired userid=bhagyashri@giantleapsystems.com
[31merror[39m: User subscription has expired userid=bhagyashri@giantleapsystems.com
[31merror[39m: User subscription has expired userid=bhagyashri@giantleapsystems.com
[31merror[39m: User subscription has expired userid=bhagyashri@giantleapsystems.com
[31merror[39m: User subscription has expired userid=bhagyashri@giantleapsystems.com
[31merror[39m: User subscription has expired userid=bhagyashri@giantleapsystems.com
[31merror[39m: User subscription has expired userid=bhagyashri@giantleapsystems.com
[31merror[39m: User subscription has expired userid=bhagyashri@giantleapsystems.com
[31merror[39m: User subscription has expired userid=bhagyashri@giantleapsystems.com
[31merror[39m: User subscription has expired userid=bhagyashri@giantleapsystems.com
[31merror[39m: User subscription has expired userid=bhagyashri@giantleapsystems.com
[31merror[39m: User subscription has expired userid=bhagyashri@giantleapsystems.com
[31merror[39m: User subscription has expired userid=bhagyashri@giantleapsystems.com
[31merror[39m: User subscription has expired userid=bhagyashri@giantleapsystems.com
[31merror[39m: User subscription has expired userid=bhagyashri@giantleapsystems.com
[31merror[39m: User subscription has expired userid=bhagyashri@giantleapsystems.com
[31merror[39m: User subscription has expired userid=bhagyashri@giantleapsystems.com
[31merror[39m: User subscription has expired userid=bhagyashri@giantleapsystems.com
[31merror[39m: User subscription has expired userid=bhagyashri@giantleapsystems.com
[31merror[39m: User subscription has expired userid=bhagyashri@giantleapsystems.com
[31merror[39m: User subscription has expired userid=bhagyashri@giantleapsystems.com
[31merror[39m: User subscription has expired userid=bhagyashri@giantleapsystems.com
[31merror[39m: User subscription has expired userid=bhagyashri@giantleapsystems.com
[31merror[39m: User subscription has expired userid=bhagyashri@giantleapsystems.com
